[01:35:54] [ServerMain/INFO]: Environment: Environment[sessionHost=https://sessionserver.mojang.com, servicesHost=https://api.minecraftservices.com, name=PROD]
[01:35:56] [ServerMain/INFO]: No existing world data, creating new world
[01:35:57] [ServerMain/INFO]: Loaded 1290 recipes
[01:35:57] [ServerMain/INFO]: Loaded 1399 advancements
[01:35:57] [Server thread/INFO]: Starting minecraft server version 1.21
[01:35:57] [Server thread/INFO]: Loading properties
[01:35:57] [Server thread/INFO]: Default game type: SURVIVAL
[01:35:57] [Server thread/INFO]: Generating keypair
[01:35:58] [Server thread/INFO]: Starting Minecraft server on *:25565
[01:35:58] [Server thread/INFO]: Using epoll channel type
[01:35:58] [Server thread/WARN]: **** SERVER IS RUNNING IN OFFLINE/INSECURE MODE!
[01:35:58] [Server thread/WARN]: The server will make no attempt to authenticate usernames. Beware.
[01:35:58] [Server thread/WARN]: While this makes the game possible to play without internet access, it also opens up the ability for hackers to connect with any username they choose.
[01:35:58] [Server thread/WARN]: To change this, set "online-mode" to "true" in the server.properties file.
[01:35:58] [Server thread/INFO]: Preparing level "world"
[01:36:14] [Server thread/INFO]: Preparing start region for dimension minecraft:overworld
[01:36:14] [Worker-Main-1/INFO]: Preparing spawn area: 2%
[01:36:15] [Worker-Main-1/INFO]: Preparing spawn area: 2%
[01:36:15] [Worker-Main-1/INFO]: Preparing spawn area: 2%
[01:36:16] [Worker-Main-1/INFO]: Preparing spawn area: 2%
[01:36:17] [Worker-Main-1/INFO]: Preparing spawn area: 2%
[01:36:17] [Worker-Main-1/INFO]: Preparing spawn area: 2%
[01:36:17] [Worker-Main-1/INFO]: Preparing spawn area: 2%
[01:36:18] [Worker-Main-1/INFO]: Preparing spawn area: 2%
[01:36:18] [Worker-Main-1/INFO]: Preparing spawn area: 2%
[01:36:19] [Worker-Main-1/INFO]: Preparing spawn area: 2%
[01:36:19] [Worker-Main-1/INFO]: Preparing spawn area: 2%
[01:36:20] [Worker-Main-1/INFO]: Preparing spawn area: 2%
[01:36:20] [Worker-Main-1/INFO]: Preparing spawn area: 2%
[01:36:21] [Worker-Main-1/INFO]: Preparing spawn area: 2%
[01:36:21] [Worker-Main-1/INFO]: Preparing spawn area: 2%
[01:36:22] [Worker-Main-1/INFO]: Preparing spawn area: 2%
[01:36:22] [Worker-Main-1/INFO]: Preparing spawn area: 2%
[01:36:23] [Worker-Main-1/INFO]: Preparing spawn area: 2%
[01:36:23] [Worker-Main-1/INFO]: Preparing spawn area: 2%
[01:36:24] [Worker-Main-1/INFO]: Preparing spawn area: 2%
[01:36:24] [Worker-Main-1/INFO]: Preparing spawn area: 2%
[01:36:25] [Worker-Main-1/INFO]: Preparing spawn area: 2%
[01:36:25] [Worker-Main-1/INFO]: Preparing spawn area: 2%
[01:36:26] [Worker-Main-1/INFO]: Preparing spawn area: 2%
[01:36:26] [Server thread/INFO]: Time elapsed: 11974 ms
[01:36:26] [Server thread/INFO]: Done (28.100s)! For help, type "help"
[01:37:04] [Server thread/INFO]: Stopping the server
[01:37:04] [Server thread/INFO]: Stopping server
[01:37:04] [Server thread/INFO]: Saving players
[01:37:04] [Server thread/INFO]: Saving worlds
[01:37:05] [Server thread/INFO]: Saving chunks for level 'ServerLevel[world]'/minecraft:overworld
[01:37:06] [Server thread/INFO]: Saving chunks for level 'ServerLevel[world]'/minecraft:the_end
[01:37:06] [Server thread/INFO]: Saving chunks for level 'ServerLevel[world]'/minecraft:the_nether
[01:37:06] [Server thread/INFO]: ThreadedAnvilChunkStorage (world): All chunks are saved
[01:37:06] [Server thread/INFO]: ThreadedAnvilChunkStorage (DIM1): All chunks are saved
[01:37:06] [Server thread/INFO]: ThreadedAnvilChunkStorage (DIM-1): All chunks are saved
[01:37:06] [Server thread/INFO]: ThreadedAnvilChunkStorage: All dimensions are saved
